\BOOKMARK [0][-]{chapter.1}{Benchmark}{}% 1
\BOOKMARK [1][-]{section.1.1}{Lettura}{chapter.1}% 2
\BOOKMARK [1][-]{section.1.2}{Scrittura}{chapter.1}% 3
\BOOKMARK [1][-]{section.1.3}{Caratterizzazione dei dati misurati}{chapter.1}% 4
\BOOKMARK [0][-]{chapter.2}{Dataset Reduction}{}% 5
\BOOKMARK [1][-]{section.2.1}{Descrizione del problema}{chapter.2}% 6
\BOOKMARK [1][-]{section.2.2}{Trattamento preliminare dei dati}{chapter.2}% 7
\BOOKMARK [1][-]{section.2.3}{PCA}{chapter.2}% 8
\BOOKMARK [1][-]{section.2.4}{Clustering}{chapter.2}% 9
\BOOKMARK [1][-]{section.2.5}{Conclusioni}{chapter.2}% 10
\BOOKMARK [0][-]{chapter.3}{Case study and experimental setup}{}% 11
\BOOKMARK [1][-]{section.3.1}{Workload Characterization}{chapter.3}% 12
\BOOKMARK [2][-]{subsection.3.1.1}{WL Dati Application Level}{section.3.1}% 13
\BOOKMARK [2][-]{subsection.3.1.2}{WL Dati System Level}{section.3.1}% 14
\BOOKMARK [1][-]{section.3.2}{Capacity Test}{chapter.3}% 15
\BOOKMARK [1][-]{section.3.3}{Experimental Design and Analysis}{chapter.3}% 16
\BOOKMARK [0][-]{chapter.4}{Esercizi Reliability}{}% 17
\BOOKMARK [1][-]{section.4.1}{Esercizio 1}{chapter.4}% 18
\BOOKMARK [1][-]{section.4.2}{Esercizio 2}{chapter.4}% 19
\BOOKMARK [1][-]{section.4.3}{Esercizio 3}{chapter.4}% 20
\BOOKMARK [1][-]{section.4.4}{Esercizio 4}{chapter.4}% 21
\BOOKMARK [1][-]{section.4.5}{Esercizio 5}{chapter.4}% 22
\BOOKMARK [0][-]{chapter.5}{Field Failure Data Analysis}{}% 23
\BOOKMARK [1][-]{section.5.1}{Analisi a livello di nodo}{chapter.5}% 24
\BOOKMARK [2][-]{subsection.5.1.1}{Nodi funzionalmente simili}{section.5.1}% 25
\BOOKMARK [1][-]{section.5.2}{Analisi a livello di errore}{chapter.5}% 26
\BOOKMARK [1][-]{section.5.3}{Analisi combinata}{chapter.5}% 27
